<?xml version="1.0" encoding="UTF-8"?>
<!-- Generated by org.testng.reporters.JUnitXMLReporter -->
<testsuite ignored="1" hostname="DESKTOP-4OFACS7" failures="0" tests="10" name="Default test" time="48.294" errors="0" timestamp="2022-05-23T16:48:21 IST">
  <testcase classname="Hybrid.logincrm" name="loginApp" time="4.692"/>
  <testcase classname="Hybrid.logincrm" name="signupapp" time="7.7"/>
  <testcase classname="Hybrid.logincrm" name="searchupapp" time="3.735"/>
  <testcase classname="Hybrid.logincrm" name="Bedapp" time="7.285"/>
  <testcase classname="Hybrid.logincrm" name="Bedappcart" time="5.514"/>
  <testcase classname="Hybrid.logincrm" name="assertionaa" time="2.236"/>
  <testcase classname="Hybrid.logincrm" name="tvappcart" time="1.759"/>
  <testcase classname="Hybrid.logincrm" name="studyapp" time="2.415"/>
  <testcase classname="Hybrid.logincrm" name="aboutapp" time="0.639"/>
  <testcase classname="Hybrid.logincrm" name="infoapp" time="0.351"/>
  <testcase classname="Hybrid.Baseclass" name="@BeforeSuite setupsuite" time="0.0">
    <ignored/>
  </testcase> <!-- @BeforeSuite setupsuite -->
</testsuite> <!-- Default test -->
